#
# There is insufficient memory for the Java Runtime Environment to continue.
# Native memory allocation (malloc) failed to allocate 32744 bytes for ChunkPool::allocate
# Possible reasons:
#   The system is out of physical RAM or swap space
#   In 32 bit mode, the process size limit was hit
# Possible solutions:
#   Reduce memory load on the system
#   Increase physical memory or swap space
#   Check if swap backing store is full
#   Use 64 bit Java on a 64 bit OS
#   Decrease Java heap size (-Xmx/-Xms)
#   Decrease number of Java threads
#   Decrease Java thread stack sizes (-Xss)
#   Set larger code cache with -XX:ReservedCodeCacheSize=
# This output file may be truncated or incomplete.
#
#  Out of Memory Error (allocation.cpp:273), pid=9476, tid=0x0000000000006e0c
#
# JRE version: Java(TM) SE Runtime Environment (8.0_144-b01) (build 1.8.0_144-b01)
# Java VM: Java HotSpot(TM) 64-Bit Server VM (25.144-b01 mixed mode windows-amd64 compressed oops)
# Failed to write core dump. Minidumps are not enabled by default on client versions of Windows
#

---------------  T H R E A D  ---------------

Current thread (0x0000000003455000):  JavaThread "main" [_thread_in_vm, id=28172, stack(0x0000000002d50000,0x0000000002e50000)]

Stack: [0x0000000002d50000,0x0000000002e50000]
[error occurred during error reporting (printing stack bounds), id 0xc0000005]

Native frames: (J=compiled Java code, j=interpreted, Vv=VM code, C=native code)

Java frames: (J=compiled Java code, j=interpreted, Vv=VM code)
J 768  java.lang.Throwable.fillInStackTrace(I)Ljava/lang/Throwable; (0 bytes) @ 0x000000000378247b [0x0000000003782440+0x3b]
J 767 C1 java.lang.Throwable.fillInStackTrace()Ljava/lang/Throwable; (29 bytes) @ 0x0000000003783364 [0x0000000003783240+0x124]
J 2621 C1 java.lang.Throwable.<init>(Ljava/lang/String;Ljava/lang/Throwable;)V (39 bytes) @ 0x0000000003a5f9a4 [0x0000000003a5f900+0xa4]
J 784 C1 java.lang.ClassNotFoundException.<init>(Ljava/lang/String;)V (7 bytes) @ 0x00000000037894dc [0x00000000037894a0+0x3c]
J 633 C1 java.net.URLClassLoader.findClass(Ljava/lang/String;)Ljava/lang/Class; (47 bytes) @ 0x000000000374c794 [0x000000000374c640+0x154]
J 548 C1 java.lang.ClassLoader.loadClass(Ljava/lang/String;Z)Ljava/lang/Class; (122 bytes) @ 0x0000000003723da4 [0x0000000003723aa0+0x304]
J 620 C1 sun.misc.Launcher$AppClassLoader.loadClass(Ljava/lang/String;Z)Ljava/lang/Class; (85 bytes) @ 0x0000000003740f04 [0x0000000003740c20+0x2e4]
J 619 C1 java.lang.ClassLoader.loadClass(Ljava/lang/String;)Ljava/lang/Class; (7 bytes) @ 0x00000000037406e4 [0x00000000037406a0+0x44]
v  ~StubRoutines::call_stub
J 715  java.lang.Class.forName0(Ljava/lang/String;ZLjava/lang/ClassLoader;Ljava/lang/Class;)Ljava/lang/Class; (0 bytes) @ 0x0000000003772cc7 [0x0000000003772c40+0x87]
J 830 C1 java.lang.Class.forName(Ljava/lang/String;ZLjava/lang/ClassLoader;)Ljava/lang/Class; (53 bytes) @ 0x000000000379f2ac [0x000000000379f180+0x12c]
J 1686 C1 org.springframework.util.ClassUtils.forName(Ljava/lang/String;Ljava/lang/ClassLoader;)Ljava/lang/Class; (247 bytes) @ 0x00000000038e3ab4 [0x00000000038e3400+0x6b4]
j  org.springframework.util.ClassUtils.isPresent(Ljava/lang/String;Ljava/lang/ClassLoader;)Z+2
j  org.springframework.boot.autoconfigure.web.format.WebConversionService.<clinit>()V+7
v  ~StubRoutines::call_stub
j  org.springframework.boot.autoconfigure.web.servlet.WebMvcAutoConfiguration$EnableWebMvcConfiguration.mvcConversionService()Lorg/springframework/format/support/FormattingConversionService;+0
v  ~StubRoutines::call_stub
J 2003  sun.reflect.NativeMethodAccessorImpl.invoke0(Ljava/lang/reflect/Method;Ljava/lang/Object;[Ljava/lang/Object;)Ljava/lang/Object; (0 bytes) @ 0x000000000395b73f [0x000000000395b6c0+0x7f]
J 2002 C1 sun.reflect.NativeMethodAccessorImpl.invoke(Ljava/lang/Object;[Ljava/lang/Object;)Ljava/lang/Object; (104 bytes) @ 0x000000000395be9c [0x000000000395bb20+0x37c]
J 1973 C1 sun.reflect.DelegatingMethodAccessorImpl.invoke(Ljava/lang/Object;[Ljava/lang/Object;)Ljava/lang/Object; (10 bytes) @ 0x000000000394de64 [0x000000000394de20+0x44]
J 1848 C1 java.lang.reflect.Method.invoke(Ljava/lang/Object;[Ljava/lang/Object;)Ljava/lang/Object; (62 bytes) @ 0x0000000003923d94 [0x0000000003923ca0+0xf4]
j  org.springframework.beans.factory.support.SimpleInstantiationStrategy.instantiate(Lorg/springframework/beans/factory/support/RootBeanDefinition;Ljava/lang/String;Lorg/springframework/beans/factory/BeanFactory;Ljava/lang/Object;Ljava/lang/reflect/Method;[Ljava/lang/Object;)Ljava/lang/Object;+50
j  org.springframework.beans.factory.support.ConstructorResolver.instantiate(Ljava/lang/String;Lorg/springframework/beans/factory/support/RootBeanDefinition;Ljava/lang/Object;Ljava/lang/reflect/Method;[Ljava/lang/Object;)Ljava/lang/Object;+48
j  org.springframework.beans.factory.support.ConstructorResolver.instantiateUsingFactoryMethod(Ljava/lang/String;Lorg/springframework/beans/factory/support/RootBeanDefinition;[Ljava/lang/Object;)Lorg/springframework/beans/BeanWrapper;+1519
j  org.springframework.beans.factory.support.AbstractAutowireCapableBeanFactory.instantiateUsingFactoryMethod(Ljava/lang/String;Lorg/springframework/beans/factory/support/RootBeanDefinition;[Ljava/lang/Object;)Lorg/springframework/beans/BeanWrapper;+11
j  org.springframework.beans.factory.support.AbstractAutowireCapableBeanFactory.createBeanInstance(Ljava/lang/String;Lorg/springframework/beans/factory/support/RootBeanDefinition;[Ljava/lang/Object;)Lorg/springframework/beans/BeanWrapper;+101
j  org.springframework.beans.factory.support.AbstractAutowireCapableBeanFactory.doCreateBean(Ljava/lang/String;Lorg/springframework/beans/factory/support/RootBeanDefinition;[Ljava/lang/Object;)Ljava/lang/Object;+34
j  org.springframework.beans.factory.support.AbstractAutowireCapableBeanFactory.createBean(Ljava/lang/String;Lorg/springframework/beans/factory/support/RootBeanDefinition;[Ljava/lang/Object;)Ljava/lang/Object;+169
j  org.springframework.beans.factory.support.AbstractBeanFactory.lambda$doGetBean$0(Ljava/lang/String;Lorg/springframework/beans/factory/support/RootBeanDefinition;[Ljava/lang/Object;)Ljava/lang/Object;+4
j  org.springframework.beans.factory.support.AbstractBeanFactory$$Lambda$154.getObject()Ljava/lang/Object;+16
j  org.springframework.beans.factory.support.DefaultSingletonBeanRegistry.getSingleton(Ljava/lang/String;Lorg/springframework/beans/factory/ObjectFactory;)Ljava/lang/Object;+132
J 2363 C1 org.springframework.beans.factory.support.AbstractBeanFactory.doGetBean(Ljava/lang/String;Ljava/lang/Class;[Ljava/lang/Object;Z)Ljava/lang/Object; (833 bytes) @ 0x00000000039edb9c [0x00000000039ed680+0x51c]
j  org.springframework.beans.factory.support.AbstractBeanFactory.getBean(Ljava/lang/String;)Ljava/lang/Object;+5
j  org.springframework.beans.factory.config.DependencyDescriptor.resolveCandidate(Ljava/lang/String;Ljava/lang/Class;Lorg/springframework/beans/factory/BeanFactory;)Ljava/lang/Object;+2
j  org.springframework.beans.factory.support.DefaultListableBeanFactory.doResolveDependency(Lorg/springframework/beans/factory/config/DependencyDescriptor;Ljava/lang/String;Ljava/util/Set;Lorg/springframework/beans/TypeConverter;)Ljava/lang/Object;+440
j  org.springframework.beans.factory.support.DefaultListableBeanFactory.resolveDependency(Lorg/springframework/beans/factory/config/DependencyDescriptor;Ljava/lang/String;Ljava/util/Set;Lorg/springframework/beans/TypeConverter;)Ljava/lang/Object;+108
j  org.springframework.beans.factory.support.ConstructorResolver.resolveAutowiredArgument(Lorg/springframework/core/MethodParameter;Ljava/lang/String;Ljava/util/Set;Lorg/springframework/beans/TypeConverter;Z)Ljava/lang/Object;+79
j  org.springframework.beans.factory.support.ConstructorResolver.createArgumentArray(Ljava/lang/String;Lorg/springframework/beans/factory/support/RootBeanDefinition;Lorg/springframework/beans/factory/config/ConstructorArgumentValues;Lorg/springframework/beans/BeanWrapper;[Ljava/lang/Class;[Ljava/lang/String;Ljava/lang/reflect/Executable;ZZ)Lorg/springframework/beans/factory/support/ConstructorResolver$ArgumentsHolder;+434
j  org.springframework.beans.factory.support.ConstructorResolver.instantiateUsingFactoryMethod(Ljava/lang/String;Lorg/springframework/beans/factory/support/RootBeanDefinition;[Ljava/lang/Object;)Lorg/springframework/beans/BeanWrapper;+727
j  org.springframework.beans.factory.support.AbstractAutowireCapableBeanFactory.instantiateUsingFactoryMethod(Ljava/lang/String;Lorg/springframework/beans/factory/support/RootBeanDefinition;[Ljava/lang/Object;)Lorg/springframework/beans/BeanWrapper;+11
j  org.springframework.beans.factory.support.AbstractAutowireCapableBeanFactory.createBeanInstance(Ljava/lang/String;Lorg/springframework/beans/factory/support/RootBeanDefinition;[Ljava/lang/Object;)Lorg/springframework/beans/BeanWrapper;+101
j  org.springframework.beans.factory.support.AbstractAutowireCapableBeanFactory.doCreateBean(Ljava/lang/String;Lorg/springframework/beans/factory/support/RootBeanDefinition;[Ljava/lang/Object;)Ljava/lang/Object;+34
j  org.springframework.beans.factory.support.AbstractAutowireCapableBeanFactory.createBean(Ljava/lang/String;Lorg/springframework/beans/factory/support/RootBeanDefinition;[Ljava/lang/Object;)Ljava/lang/Object;+169
j  org.springframework.beans.factory.support.AbstractBeanFactory.lambda$doGetBean$0(Ljava/lang/String;Lorg/springframework/beans/factory/support/RootBeanDefinition;[Ljava/lang/Object;)Ljava/lang/Object;+4
j  org.springframework.beans.factory.support.AbstractBeanFactory$$Lambda$154.getObject()Ljava/lang/Object;+16
j  org.springframework.beans.factory.support.DefaultSingletonBeanRegistry.getSingleton(Ljava/lang/String;Lorg/springframework/beans/factory/ObjectFactory;)Ljava/lang/Object;+132
J 2363 C1 org.springframework.beans.factory.support.AbstractBeanFactory.doGetBean(Ljava/lang/String;Ljava/lang/Class;[Ljava/lang/Object;Z)Ljava/lang/Object; (833 bytes) @ 0x00000000039edb9c [0x00000000039ed680+0x51c]
j  org.springframework.beans.factory.support.AbstractBeanFactory.getBean(Ljava/lang/String;)Ljava/lang/Object;+5
j  org.springframework.beans.factory.support.DefaultListableBeanFactory.preInstantiateSingletons()V+248
j  org.springframework.context.support.AbstractApplicationContext.finishBeanFactoryInitialization(Lorg/springframework/beans/factory/config/ConfigurableListableBeanFactory;)V+124
j  org.springframework.context.support.AbstractApplicationContext.refresh()V+54
j  org.springframework.boot.web.servlet.context.ServletWebServerApplicationContext.refresh()V+1
j  org.springframework.boot.SpringApplication.refresh(Lorg/springframework/context/ApplicationContext;)V+10
j  org.springframework.boot.SpringApplication.refreshContext(Lorg/springframework/context/ConfigurableApplicationContext;)V+2
j  org.springframework.boot.SpringApplication.run([Ljava/lang/String;)Lorg/springframework/context/ConfigurableApplicationContext;+118
j  org.springframework.boot.SpringApplication.run([Ljava/lang/Class;[Ljava/lang/String;)Lorg/springframework/context/ConfigurableApplicationContext;+9
j  org.springframework.boot.SpringApplication.run(Ljava/lang/Class;[Ljava/lang/String;)Lorg/springframework/context/ConfigurableApplicationContext;+9
j  cn.hlsxn.fullMarks.Start.main([Ljava/lang/String;)V+3
v  ~StubRoutines::call_stub

---------------  P R O C E S S  ---------------

Java Threads: ( => current thread )
  0x000000001bcf8800 JavaThread "container-0" [_thread_blocked, id=6388, stack(0x000000001d990000,0x000000001da90000)]
  0x000000001bcf7000 JavaThread "Catalina-utility-2" [_thread_blocked, id=20508, stack(0x000000001c890000,0x000000001c990000)]
  0x000000001bcf6000 JavaThread "Catalina-utility-1" [_thread_blocked, id=12988, stack(0x000000001afc0000,0x000000001b0c0000)]
  0x000000001a1b2000 JavaThread "RMI TCP Connection(2)-127.0.0.1" daemon [_thread_in_native, id=17412, stack(0x000000001aec0000,0x000000001afc0000)]
  0x000000001a1b1000 JavaThread "RMI Scheduler(0)" daemon [_thread_blocked, id=17140, stack(0x000000001adc0000,0x000000001aec0000)]
  0x000000001a19c000 JavaThread "RMI TCP Connection(1)-127.0.0.1" daemon [_thread_in_native, id=22452, stack(0x000000001acc0000,0x000000001adc0000)]
  0x000000001a02e800 JavaThread "RMI TCP Accept-0" daemon [_thread_in_native, id=23180, stack(0x000000001a8c0000,0x000000001a9c0000)]
  0x000000001a026800 JavaThread "RMI TCP Accept-63459" daemon [_thread_in_native, id=11708, stack(0x000000001a7c0000,0x000000001a8c0000)]
  0x000000001a023800 JavaThread "RMI TCP Accept-0" daemon [_thread_in_native, id=14792, stack(0x000000001a6c0000,0x000000001a7c0000)]
  0x00000000196c6000 JavaThread "Service Thread" daemon [_thread_blocked, id=9636, stack(0x0000000019dc0000,0x0000000019ec0000)]
  0x00000000196a0800 JavaThread "C1 CompilerThread2" daemon [_thread_in_native, id=19764, stack(0x0000000019cc0000,0x0000000019dc0000)]
  0x0000000019640000 JavaThread "C2 CompilerThread1" daemon [_thread_blocked, id=13580, stack(0x0000000019bc0000,0x0000000019cc0000)]
  0x00000000195eb000 JavaThread "C2 CompilerThread0" daemon [_thread_blocked, id=25700, stack(0x0000000019ac0000,0x0000000019bc0000)]
  0x000000001963f800 JavaThread "Monitor Ctrl-Break" daemon [_thread_in_native, id=15656, stack(0x00000000199c0000,0x0000000019ac0000)]
  0x0000000018080000 JavaThread "Attach Listener" daemon [_thread_blocked, id=18808, stack(0x00000000198c0000,0x00000000199c0000)]
  0x0000000019403800 JavaThread "Signal Dispatcher" daemon [_thread_blocked, id=21848, stack(0x00000000197c0000,0x00000000198c0000)]
  0x0000000018060800 JavaThread "Finalizer" daemon [_thread_blocked, id=20496, stack(0x00000000192c0000,0x00000000193c0000)]
  0x0000000003543000 JavaThread "Reference Handler" daemon [_thread_blocked, id=10816, stack(0x00000000191c0000,0x00000000192c0000)]
=>0x0000000003455000 JavaThread "main" [_thread_in_vm, id=28172, stack(0x0000000002d50000,0x0000000002e50000)]

Other Threads:
  0x0000000018037000 VMThread [stack: 0x00000000190c0000,0x00000000191c0000] [id=15804]
  0x000000001a036800 WatcherThread [stack: 0x000000001a9c0000,0x000000001aac0000] [id=21704]

VM state:not at safepoint (normal execution)

VM Mutex/Monitor currently owned by a thread: None

Heap:
 PSYoungGen      total 71680K, used 39943K [0x00000000d5f80000, 0x00000000daa80000, 0x0000000100000000)
  eden space 66560K, 60% used [0x00000000d5f80000,0x00000000d8681fe0,0x00000000da080000)
  from space 5120K, 0% used [0x00000000da080000,0x00000000da080000,0x00000000da580000)
  to   space 5120K, 0% used [0x00000000da580000,0x00000000da580000,0x00000000daa80000)
 ParOldGen       total 57856K, used 8226K [0x0000000081e00000, 0x0000000085680000, 0x00000000d5f80000)
  object space 57856K, 14% used [0x0000000081e00000,0x0000000082608870,0x0000000085680000)
 Metaspace       used 28017K, capacity 29529K, committed 29824K, reserved 1083392K
  class space    used 3813K, capacity 4130K, committed 4224K, reserved 1048576K

Card table byte_map: [0x0000000012910000,0x0000000012d10000] byte_map_base: 0x0000000012501000

Marking Bits: (ParMarkBitMap*) 0x0000000075a0d850
 Begin Bits: [0x00000000133c0000, 0x0000000015348000)
 End Bits:   [0x0000000015348000, 0x00000000172d0000)

Polling page: 0x0000000001010000

CodeCache: size=245760Kb used=5383Kb max_used=5383Kb free=240376Kb
 bounds [0x0000000003550000, 0x0000000003aa0000, 0x0000000012550000]
 total_blobs=3125 nmethods=2704 adapters=333
 compilation: enabled

Compilation events (10 events):
Event: 4.363 Thread 0x00000000196a0800 nmethod 2693 0x0000000003a7f350 code [0x0000000003a7f4a0, 0x0000000003a7f5e8]
Event: 4.363 Thread 0x00000000196a0800 2694   !   1       com.sun.proxy.$Proxy6::annotationType (29 bytes)
Event: 4.363 Thread 0x00000000196a0800 nmethod 2694 0x0000000003a7f690 code [0x0000000003a7f800, 0x0000000003a7fa18]
Event: 4.363 Thread 0x00000000196a0800 2695       1       java.lang.ThreadLocal::set (30 bytes)
Event: 4.363 Thread 0x00000000196a0800 nmethod 2695 0x0000000003a7fb50 code [0x0000000003a7fcc0, 0x0000000003a7fe88]
Event: 4.364 Thread 0x00000000196a0800 2696       1       org.springframework.core.annotation.AnnotationsScanner::isOverride (38 bytes)
Event: 4.364 Thread 0x00000000196a0800 nmethod 2696 0x0000000003a7ff90 code [0x0000000003a80100, 0x0000000003a802b8]
Event: 4.366 Thread 0x00000000196a0800 2697   !   1       java.lang.invoke.CallSite::makeSite (457 bytes)
Event: 4.368 Thread 0x00000000196a0800 nmethod 2697 0x0000000003a803d0 code [0x0000000003a807e0, 0x0000000003a81ec8]
Event: 4.368 Thread 0x00000000196a0800 2701       1       java.lang.invoke.AbstractValidatingLambdaMetafactory::validateMetafactoryArgs (864 bytes)

GC Heap History (10 events):
Event: 3.504 GC heap before
{Heap before GC invocations=6 (full 1):
 PSYoungGen      total 71680K, used 66560K [0x00000000d5f80000, 0x00000000daa80000, 0x0000000100000000)
  eden space 66560K, 100% used [0x00000000d5f80000,0x00000000da080000,0x00000000da080000)
  from space 5120K, 0% used [0x00000000da580000,0x00000000da580000,0x00000000daa80000)
  to   space 5120K, 0% used [0x00000000da080000,0x00000000da080000,0x00000000da580000)
 ParOldGen       total 57856K, used 7037K [0x0000000081e00000, 0x0000000085680000, 0x00000000d5f80000)
  object space 57856K, 12% used [0x0000000081e00000,0x00000000824df500,0x0000000085680000)
 Metaspace       used 24404K, capacity 25408K, committed 25600K, reserved 1071104K
  class space    used 3318K, capacity 3562K, committed 3584K, reserved 1048576K
Event: 3.514 GC heap after
Heap after GC invocations=6 (full 1):
 PSYoungGen      total 71680K, used 5097K [0x00000000d5f80000, 0x00000000daa80000, 0x0000000100000000)
  eden space 66560K, 0% used [0x00000000d5f80000,0x00000000d5f80000,0x00000000da080000)
  from space 5120K, 99% used [0x00000000da080000,0x00000000da57a520,0x00000000da580000)
  to   space 5120K, 0% used [0x00000000da580000,0x00000000da580000,0x00000000daa80000)
 ParOldGen       total 57856K, used 8895K [0x0000000081e00000, 0x0000000085680000, 0x00000000d5f80000)
  object space 57856K, 15% used [0x0000000081e00000,0x00000000826afd80,0x0000000085680000)
 Metaspace       used 24404K, capacity 25408K, committed 25600K, reserved 1071104K
  class space    used 3318K, capacity 3562K, committed 3584K, reserved 1048576K
}
Event: 3.574 GC heap before
{Heap before GC invocations=7 (full 1):
 PSYoungGen      total 71680K, used 10692K [0x00000000d5f80000, 0x00000000daa80000, 0x0000000100000000)
  eden space 66560K, 8% used [0x00000000d5f80000,0x00000000d64f6e60,0x00000000da080000)
  from space 5120K, 99% used [0x00000000da080000,0x00000000da57a520,0x00000000da580000)
  to   space 5120K, 0% used [0x00000000da580000,0x00000000da580000,0x00000000daa80000)
 ParOldGen       total 57856K, used 8895K [0x0000000081e00000, 0x0000000085680000, 0x00000000d5f80000)
  object space 57856K, 15% used [0x0000000081e00000,0x00000000826afd80,0x0000000085680000)
 Metaspace       used 24595K, capacity 25618K, committed 25728K, reserved 1075200K
  class space    used 3355K, capacity 3605K, committed 3712K, reserved 1048576K
Event: 3.577 GC heap after
Heap after GC invocations=7 (full 1):
 PSYoungGen      total 71680K, used 2804K [0x00000000d5f80000, 0x00000000daa80000, 0x0000000100000000)
  eden space 66560K, 0% used [0x00000000d5f80000,0x00000000d5f80000,0x00000000da080000)
  from space 5120K, 54% used [0x00000000da580000,0x00000000da83d030,0x00000000daa80000)
  to   space 5120K, 0% used [0x00000000da080000,0x00000000da080000,0x00000000da580000)
 ParOldGen       total 57856K, used 8895K [0x0000000081e00000, 0x0000000085680000, 0x00000000d5f80000)
  object space 57856K, 15% used [0x0000000081e00000,0x00000000826afd80,0x0000000085680000)
 Metaspace       used 24595K, capacity 25618K, committed 25728K, reserved 1075200K
  class space    used 3355K, capacity 3605K, committed 3712K, reserved 1048576K
}
Event: 3.577 GC heap before
{Heap before GC invocations=8 (full 2):
 PSYoungGen      total 71680K, used 2804K [0x00000000d5f80000, 0x00000000daa80000, 0x0000000100000000)
  eden space 66560K, 0% used [0x00000000d5f80000,0x00000000d5f80000,0x00000000da080000)
  from space 5120K, 54% used [0x00000000da580000,0x00000000da83d030,0x00000000daa80000)
  to   space 5120K, 0% used [0x00000000da080000,0x00000000da080000,0x00000000da580000)
 ParOldGen       total 57856K, used 8895K [0x0000000081e00000, 0x0000000085680000, 0x00000000d5f80000)
  object space 57856K, 15% used [0x0000000081e00000,0x00000000826afd80,0x0000000085680000)
 Metaspace       used 24595K, capacity 25618K, committed 25728K, reserved 1075200K
  class space    used 3355K, capacity 3605K, committed 3712K, reserved 1048576K
Event: 3.628 GC heap after
Heap after GC invocations=8 (full 2):
 PSYoungGen      total 71680K, used 0K [0x00000000d5f80000, 0x00000000daa80000, 0x0000000100000000)
  eden space 66560K, 0% used [0x00000000d5f80000,0x00000000d5f80000,0x00000000da080000)
  from space 5120K, 0% used [0x00000000da580000,0x00000000da580000,0x00000000daa80000)
  to   space 5120K, 0% used [0x00000000da080000,0x00000000da080000,0x00000000da580000)
 ParOldGen       total 57856K, used 7600K [0x0000000081e00000, 0x0000000085680000, 0x00000000d5f80000)
  object space 57856K, 13% used [0x0000000081e00000,0x000000008256c3c0,0x0000000085680000)
 Metaspace       used 24595K, capacity 25618K, committed 25728K, reserved 1073152K
  class space    used 3355K, capacity 3605K, committed 3712K, reserved 1048576K
}
Event: 3.717 GC heap before
{Heap before GC invocations=9 (full 2):
 PSYoungGen      total 71680K, used 6507K [0x00000000d5f80000, 0x00000000daa80000, 0x0000000100000000)
  eden space 66560K, 9% used [0x00000000d5f80000,0x00000000d65dae68,0x00000000da080000)
  from space 5120K, 0% used [0x00000000da580000,0x00000000da580000,0x00000000daa80000)
  to   space 5120K, 0% used [0x00000000da080000,0x00000000da080000,0x00000000da580000)
 ParOldGen       total 57856K, used 7600K [0x0000000081e00000, 0x0000000085680000, 0x00000000d5f80000)
  object space 57856K, 13% used [0x0000000081e00000,0x000000008256c3c0,0x0000000085680000)
 Metaspace       used 25190K, capacity 26174K, committed 26240K, reserved 1083392K
  class space    used 3440K, capacity 3678K, committed 3712K, reserved 1048576K
Event: 3.719 GC heap after
Heap after GC invocations=9 (full 2):
 PSYoungGen      total 71680K, used 850K [0x00000000d5f80000, 0x00000000daa80000, 0x0000000100000000)
  eden space 66560K, 0% used [0x00000000d5f80000,0x00000000d5f80000,0x00000000da080000)
  from space 5120K, 16% used [0x00000000da080000,0x00000000da154900,0x00000000da580000)
  to   space 5120K, 0% used [0x00000000da580000,0x00000000da580000,0x00000000daa80000)
 ParOldGen       total 57856K, used 7608K [0x0000000081e00000, 0x0000000085680000, 0x00000000d5f80000)
  object space 57856K, 13% used [0x0000000081e00000,0x000000008256e3c0,0x0000000085680000)
 Metaspace       used 25190K, capacity 26174K, committed 26240K, reserved 1083392K
  class space    used 3440K, capacity 3678K, committed 3712K, reserved 1048576K
}
Event: 3.720 GC heap before
{Heap before GC invocations=10 (full 3):
 PSYoungGen      total 71680K, used 850K [0x00000000d5f80000, 0x00000000daa80000, 0x0000000100000000)
  eden space 66560K, 0% used [0x00000000d5f80000,0x00000000d5f80000,0x00000000da080000)
  from space 5120K, 16% used [0x00000000da080000,0x00000000da154900,0x00000000da580000)
  to   space 5120K, 0% used [0x00000000da580000,0x00000000da580000,0x00000000daa80000)
 ParOldGen       total 57856K, used 7608K [0x0000000081e00000, 0x0000000085680000, 0x00000000d5f80000)
  object space 57856K, 13% used [0x0000000081e00000,0x000000008256e3c0,0x0000000085680000)
 Metaspace       used 25190K, capacity 26174K, committed 26240K, reserved 1083392K
  class space    used 3440K, capacity 3678K, committed 3712K, reserved 1048576K
Event: 3.812 GC heap after
Heap after GC invocations=10 (full 3):
 PSYoungGen      total 71680K, used 0K [0x00000000d5f80000, 0x00000000daa80000, 0x0000000100000000)
  eden space 66560K, 0% used [0x00000000d5f80000,0x00000000d5f80000,0x00000000da080000)
  from space 5120K, 0% used [0x00000000da080000,0x00000000da080000,0x00000000da580000)
  to   space 5120K, 0% used [0x00000000da580000,0x00000000da580000,0x00000000daa80000)
 ParOldGen       total 57856K, used 8226K [0x0000000081e00000, 0x0000000085680000, 0x00000000d5f80000)
  object space 57856K, 14% used [0x0000000081e00000,0x0000000082608870,0x0000000085680000)
 Metaspace       used 25190K, capacity 26174K, committed 26240K, reserved 1077248K
  class space    used 3440K, capacity 3678K, committed 3712K, reserved 1048576K
}

Deoptimization events (0 events):
No events

Internal exceptions (10 events):
Event: 4.359 Thread 0x0000000003455000 Exception <a 'java/lang/ClassNotFoundException': org/springframework/context/ResourceLoaderAwareCustomizer> (0x00000000d8527220) thrown at [C:\re\workspace\8-2-build-windows-amd64-cygwin\jdk8u144\9417\hotspot\src\share\vm\classfile\systemDictionary.cpp, l
Event: 4.360 Thread 0x0000000003455000 Exception <a 'java/lang/ClassNotFoundException': org/springframework/beans/factory/AwareCustomizer> (0x00000000d8536f88) thrown at [C:\re\workspace\8-2-build-windows-amd64-cygwin\jdk8u144\9417\hotspot\src\share\vm\classfile\systemDictionary.cpp, line 210]
Event: 4.360 Thread 0x0000000003455000 Exception <a 'java/lang/ClassNotFoundException': org/springframework/context/ApplicationContextAwareCustomizer> (0x00000000d8548418) thrown at [C:\re\workspace\8-2-build-windows-amd64-cygwin\jdk8u144\9417\hotspot\src\share\vm\classfile\systemDictionary.cp
Event: 4.360 Thread 0x0000000003455000 Exception <a 'java/lang/ClassNotFoundException': org/springframework/beans/factory/AwareCustomizer> (0x00000000d8558788) thrown at [C:\re\workspace\8-2-build-windows-amd64-cygwin\jdk8u144\9417\hotspot\src\share\vm\classfile\systemDictionary.cpp, line 210]
Event: 4.360 Thread 0x0000000003455000 Exception <a 'java/lang/ClassNotFoundException': org/springframework/web/context/ServletContextAwareCustomizer> (0x00000000d8569bc8) thrown at [C:\re\workspace\8-2-build-windows-amd64-cygwin\jdk8u144\9417\hotspot\src\share\vm\classfile\systemDictionary.cp
Event: 4.361 Thread 0x0000000003455000 Exception <a 'java/lang/ClassNotFoundException': org/springframework/beans/factory/AwareCustomizer> (0x00000000d85799a8) thrown at [C:\re\workspace\8-2-build-windows-amd64-cygwin\jdk8u144\9417\hotspot\src\share\vm\classfile\systemDictionary.cpp, line 210]
Event: 4.361 Thread 0x0000000003455000 Exception <a 'java/lang/ArrayIndexOutOfBoundsException'> (0x00000000d8582a90) thrown at [C:\re\workspace\8-2-build-windows-amd64-cygwin\jdk8u144\9417\hotspot\src\share\vm\runtime\sharedRuntime.cpp, line 605]
Event: 4.362 Thread 0x0000000003455000 Exception <a 'java/lang/ArrayIndexOutOfBoundsException'> (0x00000000d8595cb8) thrown at [C:\re\workspace\8-2-build-windows-amd64-cygwin\jdk8u144\9417\hotspot\src\share\vm\runtime\sharedRuntime.cpp, line 605]
Event: 4.363 Thread 0x0000000003455000 Exception <a 'java/lang/ArrayIndexOutOfBoundsException'> (0x00000000d85a9cd0) thrown at [C:\re\workspace\8-2-build-windows-amd64-cygwin\jdk8u144\9417\hotspot\src\share\vm\runtime\sharedRuntime.cpp, line 605]
Event: 4.363 Thread 0x0000000003455000 Exception <a 'java/lang/ArrayIndexOutOfBoundsException'> (0x00000000d85ab4b0) thrown at [C:\re\workspace\8-2-build-windows-amd64-cygwin\jdk8u144\9417\hotspot\src\share\vm\runtime\sharedRuntime.cpp, line 605]

Events (10 events):
Event: 4.370 loading class org/springframework/web/accept/MappingMediaTypeFileExtensionResolver
Event: 4.370 loading class org/springframework/web/accept/MappingMediaTypeFileExtensionResolver done
Event: 4.370 loading class org/springframework/web/context/request/NativeWebRequest
Event: 4.370 loading class org/springframework/web/context/request/NativeWebRequest done
Event: 4.372 loading class org/springframework/boot/autoconfigure/web/format/WebConversionService
Event: 4.372 loading class org/springframework/boot/autoconfigure/web/format/WebConversionService done
Event: 4.372 loading class javax/money/MonetaryAmount
Event: 4.372 loading class javax/money/MonetaryAmount done
Event: 4.373 loading class javax/money$MonetaryAmount
Event: 4.373 loading class javax/money$MonetaryAmount done


Dynamic libraries:
0x00007ff7cad60000 - 0x00007ff7cad97000 	C:\Program Files\Java\jdk1.8.0_144\bin\java.exe
0x00007ffd20b00000 - 0x00007ffd20cf0000 	C:\Windows\SYSTEM32\ntdll.dll
0x00007ffd1f8b0000 - 0x00007ffd1f962000 	C:\Windows\System32\KERNEL32.DLL
0x00007ffd1dd80000 - 0x00007ffd1e023000 	C:\Windows\System32\KERNELBASE.dll
0x00007ffd1ebb0000 - 0x00007ffd1ec53000 	C:\Windows\System32\ADVAPI32.dll
0x00007ffd1f6f0000 - 0x00007ffd1f78e000 	C:\Windows\System32\msvcrt.dll
0x00007ffd1eee0000 - 0x00007ffd1ef77000 	C:\Windows\System32\sechost.dll
0x00007ffd1f790000 - 0x00007ffd1f8b0000 	C:\Windows\System32\RPCRT4.dll
0x00007ffd1ec60000 - 0x00007ffd1edf4000 	C:\Windows\System32\USER32.dll
0x00007ffd1eb80000 - 0x00007ffd1eba1000 	C:\Windows\System32\win32u.dll
0x00007ffd1ee30000 - 0x00007ffd1ee56000 	C:\Windows\System32\GDI32.dll
0x00007ffd1dbb0000 - 0x00007ffd1dd44000 	C:\Windows\System32\gdi32full.dll
0x00007ffd1e160000 - 0x00007ffd1e1fe000 	C:\Windows\System32\msvcp_win.dll
0x00007ffd1da90000 - 0x00007ffd1db8a000 	C:\Windows\System32\ucrtbase.dll
0x00007ffd0f4c0000 - 0x00007ffd0f745000 	C:\Windows\WinSxS\amd64_microsoft.windows.common-controls_6595b64144ccf1df_6.0.18362.535_none_e6c3b34713100821\COMCTL32.dll
0x00007ffd1fac0000 - 0x00007ffd1fdf6000 	C:\Windows\System32\combase.dll
0x00007ffd1e030000 - 0x00007ffd1e0b0000 	C:\Windows\System32\bcryptPrimitives.dll
0x00007ffd1ef90000 - 0x00007ffd1efbe000 	C:\Windows\System32\IMM32.DLL
0x0000000076840000 - 0x0000000076912000 	C:\Program Files\Java\jdk1.8.0_144\jre\bin\msvcr100.dll
0x00000000751f0000 - 0x0000000075a8d000 	C:\Program Files\Java\jdk1.8.0_144\jre\bin\server\jvm.dll
0x00007ffd1ef80000 - 0x00007ffd1ef88000 	C:\Windows\System32\PSAPI.DLL
0x00007ffd0b6f0000 - 0x00007ffd0b6fa000 	C:\Windows\SYSTEM32\VERSION.dll
0x00007ffd1ba70000 - 0x00007ffd1ba94000 	C:\Windows\SYSTEM32\WINMM.dll
0x00007ffd072b0000 - 0x00007ffd072b9000 	C:\Windows\SYSTEM32\WSOCK32.dll
0x00007ffd1fa50000 - 0x00007ffd1fabf000 	C:\Windows\System32\WS2_32.dll
0x00007ffd1ba40000 - 0x00007ffd1ba6d000 	C:\Windows\SYSTEM32\WINMMBASE.dll
0x00007ffd1e110000 - 0x00007ffd1e15a000 	C:\Windows\System32\cfgmgr32.dll
0x00000000513d0000 - 0x00000000513df000 	C:\Program Files\Java\jdk1.8.0_144\jre\bin\verify.dll
0x00000000513a0000 - 0x00000000513c9000 	C:\Program Files\Java\jdk1.8.0_144\jre\bin\java.dll
0x0000000076810000 - 0x0000000076833000 	C:\Program Files\Java\jdk1.8.0_144\jre\bin\instrument.dll
0x00000000767f0000 - 0x0000000076806000 	C:\Program Files\Java\jdk1.8.0_144\jre\bin\zip.dll
0x00007ffd20300000 - 0x00007ffd209e5000 	C:\Windows\System32\SHELL32.dll
0x00007ffd200a0000 - 0x00007ffd20149000 	C:\Windows\System32\shcore.dll
0x00007ffd1e350000 - 0x00007ffd1eacf000 	C:\Windows\System32\windows.storage.dll
0x00007ffd1da70000 - 0x00007ffd1da8f000 	C:\Windows\System32\profapi.dll
0x00007ffd1da20000 - 0x00007ffd1da6a000 	C:\Windows\System32\powrprof.dll
0x00007ffd1d9d0000 - 0x00007ffd1d9e0000 	C:\Windows\System32\UMPDC.dll
0x00007ffd1f690000 - 0x00007ffd1f6e2000 	C:\Windows\System32\shlwapi.dll
0x00007ffd1d9e0000 - 0x00007ffd1d9f1000 	C:\Windows\System32\kernel.appcore.dll
0x00007ffd1db90000 - 0x00007ffd1dba7000 	C:\Windows\System32\cryptsp.dll
0x00007ffd1a4b0000 - 0x00007ffd1a4ca000 	F:\study\IntelliJ IDEA 2018.2.4\bin\breakgen64.dll
0x00000000767d0000 - 0x00000000767ea000 	C:\Program Files\Java\jdk1.8.0_144\jre\bin\net.dll
0x00007ffd1d240000 - 0x00007ffd1d2a7000 	C:\Windows\system32\mswsock.dll
0x0000000077cb0000 - 0x0000000077cbd000 	C:\Program Files\Java\jdk1.8.0_144\jre\bin\management.dll
0x00000000767b0000 - 0x00000000767c1000 	C:\Program Files\Java\jdk1.8.0_144\jre\bin\nio.dll
0x00007ffd07800000 - 0x00007ffd07816000 	C:\Windows\system32\napinsp.dll
0x00007ffd077e0000 - 0x00007ffd077fa000 	C:\Windows\system32\pnrpnsp.dll
0x00007ffd1cf90000 - 0x00007ffd1d05a000 	C:\Windows\SYSTEM32\DNSAPI.dll
0x00007ffd1fa40000 - 0x00007ffd1fa48000 	C:\Windows\System32\NSI.dll
0x00007ffd1cf50000 - 0x00007ffd1cf8a000 	C:\Windows\SYSTEM32\IPHLPAPI.DLL
0x00007ffd077d0000 - 0x00007ffd077de000 	C:\Windows\System32\winrnr.dll
0x00007ffd1a1d0000 - 0x00007ffd1a1ec000 	C:\Windows\system32\NLAapi.dll
0x00007ffd195d0000 - 0x00007ffd195e5000 	C:\Windows\system32\wshbth.dll
0x00007ffd15cd0000 - 0x00007ffd15cda000 	C:\Windows\SYSTEM32\rasadhlp.dll
0x00007ffd11460000 - 0x00007ffd114d7000 	C:\Windows\System32\fwpuclnt.dll
0x00007ffd1dd50000 - 0x00007ffd1dd76000 	C:\Windows\System32\bcrypt.dll
0x00007ffd1cdb0000 - 0x00007ffd1cde3000 	C:\Windows\system32\rsaenh.dll
0x00007ffd1d8f0000 - 0x00007ffd1d915000 	C:\Windows\SYSTEM32\USERENV.dll
0x00007ffd1d410000 - 0x00007ffd1d41c000 	C:\Windows\SYSTEM32\CRYPTBASE.dll
0x00007ffd14dc0000 - 0x00007ffd14dd6000 	C:\Windows\SYSTEM32\dhcpcsvc6.DLL
0x00007ffd14cd0000 - 0x00007ffd14cec000 	C:\Windows\SYSTEM32\dhcpcsvc.DLL

VM Arguments:
jvm_args: -XX:TieredStopAtLevel=1 -Xverify:none -Dspring.output.ansi.enabled=always -Dcom.sun.management.jmxremote -Dcom.sun.management.jmxremote.port=63459 -Dcom.sun.management.jmxremote.authenticate=false -Dcom.sun.management.jmxremote.ssl=false -Djava.rmi.server.hostname=localhost -Dspring.liveBeansView.mbeanDomain -Dspring.application.admin.enabled=true -javaagent:F:\study\IntelliJ IDEA 2018.2.4\lib\idea_rt.jar=63460:F:\study\IntelliJ IDEA 2018.2.4\bin -Dfile.encoding=UTF-8 
java_command: cn.hlsxn.fullMarks.Start
java_class_path (initial): C:\Program Files\Java\jdk1.8.0_144\jre\lib\charsets.jar;C:\Program Files\Java\jdk1.8.0_144\jre\lib\deploy.jar;C:\Program Files\Java\jdk1.8.0_144\jre\lib\ext\access-bridge-64.jar;C:\Program Files\Java\jdk1.8.0_144\jre\lib\ext\cldrdata.jar;C:\Program Files\Java\jdk1.8.0_144\jre\lib\ext\dnsns.jar;C:\Program Files\Java\jdk1.8.0_144\jre\lib\ext\jaccess.jar;C:\Program Files\Java\jdk1.8.0_144\jre\lib\ext\jfxrt.jar;C:\Program Files\Java\jdk1.8.0_144\jre\lib\ext\localedata.jar;C:\Program Files\Java\jdk1.8.0_144\jre\lib\ext\nashorn.jar;C:\Program Files\Java\jdk1.8.0_144\jre\lib\ext\sunec.jar;C:\Program Files\Java\jdk1.8.0_144\jre\lib\ext\sunjce_provider.jar;C:\Program Files\Java\jdk1.8.0_144\jre\lib\ext\sunmscapi.jar;C:\Program Files\Java\jdk1.8.0_144\jre\lib\ext\sunpkcs11.jar;C:\Program Files\Java\jdk1.8.0_144\jre\lib\ext\zipfs.jar;C:\Program Files\Java\jdk1.8.0_144\jre\lib\javaws.jar;C:\Program Files\Java\jdk1.8.0_144\jre\lib\jce.jar;C:\Program Files\Java\jdk1.8.0_144\jre\lib\jfr.jar;C:\Program Files\Java\jdk1.8.0_144\jre\lib\jfxswt.jar;C:\Program Files\Java\jdk1.8.0_144\jre\lib\jsse.jar;C:\Program Files\Java\jdk1.8.0_144\jre\lib\management-agent.jar;C:\Program Files\Java\jdk1.8.0_144\jre\lib\plugin.jar;C:\Program Files\Java\jdk1.8.0_144\jre\lib\resources.jar;C:\Program Files\Java\jdk1.8.0_144\jre\lib\rt.jar;E:\idean\fullMarks\full-marks\target\classes;F:\study\maven_repository\org\springframework\boot\spring-boot-starter-web\2.2.3.RELEASE\spring-boot-starter-web-2.2.3.RELEASE.jar;F:\study\maven_repository\org\springframework\boot\spring-boot-starter\2.2.3.RELEASE\spring-boot-starter-2.2.3.RELEASE.jar;F:\study\maven_repository\org\springframework\boot\spring-boot\2.2.3.RELEASE\spring-boot-2.2.3.RELEASE.jar;F:\study\maven_repository\org\springframework\boot\spring-boot-autoconfigure\2.2.3.RELEASE\spring-boot-autoconfigure-2.2.3.RELEASE.jar;F:\study\maven_repository\org\springframework\boot\spring-boot-starter-logging\2.2.3.RELEASE\spring-boot-sta
Launcher Type: SUN_STANDARD

Environment Variables:
JAVA_HOME=C:\Program Files\Java\jdk1.8.0_144
PATH=C:\ProgramData\Oracle\Java\javapath;C:\Windows\system32;C:\Windows;C:\Windows\System32\Wbem;C:\Windows\System32\WindowsPowerShell\v1.0\;%JAVA_HOME%\bin;%JAVA_HOME%\jre\bin;F:\work\svn\bin;F:\work\svnClient\bin;F:\work\study\mysql\bin;F:\work\study\mysql5.5\bin;F:\work\study\MySQL\MySQL Server 5.5\bin;F:\work\UltraEdit;F:\work\study\MySQL Server 5.5\bin;F:\Program Files\MySQL\MySQL Server 5.5\bin;F:\work\study\git\Git\cmd;F:\work\study\git\Git\mingw64\bin;F:\work\study\git\Git\usr\bin;F:\work\study\git\Git\bin;C:\Program Files\Java\jdk1.8.0_144\bin;C:\Windows\System32\OpenSSH\;F:\work\study\Python37;F:\word\study\erl7.1\bin;F:\study\nodejs\;F:\work\study\Python37\Scripts\;F:\work\study\Python37\;C:\Users\Administrator\AppData\Local\Microsoft\WindowsApps;C:\Users\Administrator\AppData\Roaming\npm
USERNAME=Administrator
OS=Windows_NT
PROCESSOR_IDENTIFIER=Intel64 Family 6 Model 78 Stepping 3, GenuineIntel



---------------  S Y S T E M  ---------------

OS: Windows 10.0 , 64 bit Build 18362 (10.0.18362.329)

CPU:total 4 (initial active 4) (2 cores per cpu, 2 threads per core) family 6 model 78 stepping 3, cmov, cx8, fxsr, mmx, sse, sse2, sse3, ssse3, sse4.1, sse4.2, popcnt, avx, avx2, aes, clmul, erms, 3dnowpref, lzcnt, ht, tsc, tscinvbit, bmi1, bmi2, adx

Memory: 4k page, physical 8259336k(927444k free), swap 8259336k(116k free)

vm_info: Java HotSpot(TM) 64-Bit Server VM (25.144-b01) for windows-amd64 JRE (1.8.0_144-b01), built on Jul 21 2017 21:57:33 by "java_re" with MS VC++ 10.0 (VS2010)

time: Fri Jan 17 11:07:40 2020
elapsed time: 4 seconds (0d 0h 0m 4s)

